This is pdfTeX, Version 3.14159265-2.6-1.40.16 (TeX Live 2015) (preloaded format=pdftex 2015.8.25)  15 JUL 2019 11:48
entering extended mode
 restricted \write18 enabled.
 file:line:error style messages enabled.
 %&-line parsing enabled.
**nips15submit_e.sty
(./nips15submit_e.sty
./nips15submit_e.sty:28: Undefined control sequence.
l.28 \usepackage
                {eso-pic} % used by \AddToShipoutPicture
The control sequence at the end of the top line
of your error message was never \def'ed. If you have
misspelled it (e.g., `\hobx'), type `I' and the correct
spelling (e.g., `I\hbox'). Otherwise just continue,
and I'll forget about whatever was undefined.

./nips15submit_e.sty:30: Undefined control sequence.
l.30 \renewcommand
                  {\topfraction}{0.95}   % let figure take up nearly whole page
The control sequence at the end of the top line
of your error message was never \def'ed. If you have
misspelled it (e.g., `\hobx'), type `I' and the correct
spelling (e.g., `I\hbox'). Otherwise just continue,
and I'll forget about whatever was undefined.

./nips15submit_e.sty:30: Undefined control sequence.
l.30 \renewcommand{\topfraction
                               }{0.95}   % let figure take up nearly whole page
The control sequence at the end of the top line
of your error message was never \def'ed. If you have
misspelled it (e.g., `\hobx'), type `I' and the correct
spelling (e.g., `I\hbox'). Otherwise just continue,
and I'll forget about whatever was undefined.

./nips15submit_e.sty:31: Undefined control sequence.
l.31 \renewcommand
                  {\textfraction}{0.05}  % let figure take up nearly whole page
The control sequence at the end of the top line
of your error message was never \def'ed. If you have
misspelled it (e.g., `\hobx'), type `I' and the correct
spelling (e.g., `I\hbox'). Otherwise just continue,
and I'll forget about whatever was undefined.

./nips15submit_e.sty:31: Undefined control sequence.
l.31 \renewcommand{\textfraction
                                }{0.05}  % let figure take up nearly whole page
The control sequence at the end of the top line
of your error message was never \def'ed. If you have
misspelled it (e.g., `\hobx'), type `I' and the correct
spelling (e.g., `I\hbox'). Otherwise just continue,
and I'll forget about whatever was undefined.

./nips15submit_e.sty:41: Undefined control sequence.
l.41 \setlength
               {\paperheight}{11in}
The control sequence at the end of the top line
of your error message was never \def'ed. If you have
misspelled it (e.g., `\hobx'), type `I' and the correct
spelling (e.g., `I\hbox'). Otherwise just continue,
and I'll forget about whatever was undefined.

./nips15submit_e.sty:41: Undefined control sequence.
l.41 \setlength{\paperheight
                            }{11in}
The control sequence at the end of the top line
of your error message was never \def'ed. If you have
misspelled it (e.g., `\hobx'), type `I' and the correct
spelling (e.g., `I\hbox'). Otherwise just continue,
and I'll forget about whatever was undefined.

./nips15submit_e.sty:42: Undefined control sequence.
l.42 \setlength
               {\paperwidth}{8.5in}
The control sequence at the end of the top line
of your error message was never \def'ed. If you have
misspelled it (e.g., `\hobx'), type `I' and the correct
spelling (e.g., `I\hbox'). Otherwise just continue,
and I'll forget about whatever was undefined.

./nips15submit_e.sty:42: Undefined control sequence.
l.42 \setlength{\paperwidth
                           }{8.5in}
The control sequence at the end of the top line
of your error message was never \def'ed. If you have
misspelled it (e.g., `\hobx'), type `I' and the correct
spelling (e.g., `I\hbox'). Otherwise just continue,
and I'll forget about whatever was undefined.

./nips15submit_e.sty:44: Undefined control sequence.
l.44 \oddsidemargin
                    .5in    %   Note \oddsidemargin = \evensidemargin
The control sequence at the end of the top line
of your error message was never \def'ed. If you have
misspelled it (e.g., `\hobx'), type `I' and the correct
spelling (e.g., `I\hbox'). Otherwise just continue,
and I'll forget about whatever was undefined.

./nips15submit_e.sty:45: Undefined control sequence.
l.45 \evensidemargin
                     .5in
The control sequence at the end of the top line
of your error message was never \def'ed. If you have
misspelled it (e.g., `\hobx'), type `I' and the correct
spelling (e.g., `I\hbox'). Otherwise just continue,
and I'll forget about whatever was undefined.

./nips15submit_e.sty:46: Undefined control sequence.
l.46 \marginparwidth
                     0.07 true in
The control sequence at the end of the top line
of your error message was never \def'ed. If you have
misspelled it (e.g., `\hobx'), type `I' and the correct
spelling (e.g., `I\hbox'). Otherwise just continue,
and I'll forget about whatever was undefined.

./nips15submit_e.sty:50: Undefined control sequence.
l.50 \topmargin
                -0.625in
The control sequence at the end of the top line
of your error message was never \def'ed. If you have
misspelled it (e.g., `\hobx'), type `I' and the correct
spelling (e.g., `I\hbox'). Otherwise just continue,
and I'll forget about whatever was undefined.

./nips15submit_e.sty:51: Undefined control sequence.
l.51 \addtolength
                 {\headsep}{0.25in}
The control sequence at the end of the top line
of your error message was never \def'ed. If you have
misspelled it (e.g., `\hobx'), type `I' and the correct
spelling (e.g., `I\hbox'). Otherwise just continue,
and I'll forget about whatever was undefined.

./nips15submit_e.sty:51: Undefined control sequence.
l.51 \addtolength{\headsep
                          }{0.25in}
The control sequence at the end of the top line
of your error message was never \def'ed. If you have
misspelled it (e.g., `\hobx'), type `I' and the correct
spelling (e.g., `I\hbox'). Otherwise just continue,
and I'll forget about whatever was undefined.

./nips15submit_e.sty:52: Undefined control sequence.
l.52 \textheight
                 9.0 true in       % Height of text (including footnotes & f...
The control sequence at the end of the top line
of your error message was never \def'ed. If you have
misspelled it (e.g., `\hobx'), type `I' and the correct
spelling (e.g., `I\hbox'). Otherwise just continue,
and I'll forget about whatever was undefined.

./nips15submit_e.sty:53: Undefined control sequence.
l.53 \textwidth
                5.5 true in        % Width of text line.
The control sequence at the end of the top line
of your error message was never \def'ed. If you have
misspelled it (e.g., `\hobx'), type `I' and the correct
spelling (e.g., `I\hbox'). Otherwise just continue,
and I'll forget about whatever was undefined.

./nips15submit_e.sty:58: Undefined control sequence.
l.58 \flushbottom
                  \sloppy
The control sequence at the end of the top line
of your error message was never \def'ed. If you have
misspelled it (e.g., `\hobx'), type `I' and the correct
spelling (e.g., `I\hbox'). Otherwise just continue,
and I'll forget about whatever was undefined.

./nips15submit_e.sty:58: Undefined control sequence.
l.58 \flushbottom \sloppy
                         
The control sequence at the end of the top line
of your error message was never \def'ed. If you have
misspelled it (e.g., `\hobx'), type `I' and the correct
spelling (e.g., `I\hbox'). Otherwise just continue,
and I'll forget about whatever was undefined.

./nips15submit_e.sty:105: Undefined control sequence.
l.105 \renewenvironment
                       {abstract}{\vskip.075in\centerline{\large\bf
The control sequence at the end of the top line
of your error message was never \def'ed. If you have
misspelled it (e.g., `\hobx'), type `I' and the correct
spelling (e.g., `I\hbox'). Otherwise just continue,
and I'll forget about whatever was undefined.

./nips15submit_e.sty:106: Undefined control sequence.
<argument> \large 
                  \bf Abstract
\centerline #1->\line {\hss #1
                              \hss }
l.106 Abstract}
               \vspace{0.5ex}\begin{quote}}{\par\end{quote}\vskip 1ex}
The control sequence at the end of the top line
of your error message was never \def'ed. If you have
misspelled it (e.g., `\hobx'), type `I' and the correct
spelling (e.g., `I\hbox'). Otherwise just continue,
and I'll forget about whatever was undefined.

./nips15submit_e.sty:106: Undefined control sequence.
l.106 Abstract}\vspace
                      {0.5ex}\begin{quote}}{\par\end{quote}\vskip 1ex}
The control sequence at the end of the top line
of your error message was never \def'ed. If you have
misspelled it (e.g., `\hobx'), type `I' and the correct
spelling (e.g., `I\hbox'). Otherwise just continue,
and I'll forget about whatever was undefined.

./nips15submit_e.sty:106: Undefined control sequence.
l.106 Abstract}\vspace{0.5ex}\begin
                                   {quote}}{\par\end{quote}\vskip 1ex}
The control sequence at the end of the top line
of your error message was never \def'ed. If you have
misspelled it (e.g., `\hobx'), type `I' and the correct
spelling (e.g., `I\hbox'). Otherwise just continue,
and I'll forget about whatever was undefined.

[1{/usr/local/texlive/2015/texmf-var/fonts/map/pdftex/updmap/pdftex.map}] )
(\end occurred inside a group at level 1)

### simple group (level 1) entered at line 106 ({)
### bottom level</usr/local/texlive/2015/texmf-dist/fonts/type1/public/amsfonts/cm/cmbx10.pfb></usr/local/texlive/2015/texmf-dist/fonts/type1/public/amsfonts/cm/cmr10.pfb>
Output written on /Users/dongjustin/Documents/Course/CS253/CS253-PA1/nips/.texpadtmp/nips15submit_e.pdf (1 page, 24745 bytes).
PDF statistics:
 16 PDF objects out of 1000 (max. 8388607)
 10 compressed objects within 1 object stream
 0 named destinations out of 1000 (max. 500000)
 1 words of extra memory for PDF output out of 10000 (max. 10000000)

