\BOOKMARK [1][-]{section.1}{Task}{}% 1
\BOOKMARK [1][-]{section.2}{Dataset}{}% 2
\BOOKMARK [1][-]{section.3}{Similarity}{}% 3
\BOOKMARK [2][-]{subsection.3.1}{Knowledge base}{section.3}% 4
\BOOKMARK [3][-]{subsubsection.3.1.1}{Layer-based collocation knowledge}{subsection.3.1}% 5
\BOOKMARK [3][-]{subsubsection.3.1.2}{Picture-based collocation knowledge}{subsection.3.1}% 6
\BOOKMARK [3][-]{subsubsection.3.1.3}{Picture-based subject collocation knowledge}{subsection.3.1}% 7
\BOOKMARK [2][-]{subsection.3.2}{Keyword-Keyword similarity}{section.3}% 8
\BOOKMARK [3][-]{subsubsection.3.2.1}{WordNet}{subsection.3.2}% 9
\BOOKMARK [3][-]{subsubsection.3.2.2}{ConceptNet}{subsection.3.2}% 10
\BOOKMARK [3][-]{subsubsection.3.2.3}{Layer-based}{subsection.3.2}% 11
\BOOKMARK [3][-]{subsubsection.3.2.4}{Picture-based}{subsection.3.2}% 12
\BOOKMARK [3][-]{subsubsection.3.2.5}{Aggregate}{subsection.3.2}% 13
\BOOKMARK [1][-]{section.4}{Feature}{}% 14
\BOOKMARK [2][-]{subsection.4.1}{Layer-layer similarity}{section.4}% 15
\BOOKMARK [1][-]{section.5}{Feature engineering}{}% 16
\BOOKMARK [1][-]{section.6}{Model and evaluation}{}% 17
\BOOKMARK [2][-]{subsection.6.1}{Consistency discriminator}{section.6}% 18
\BOOKMARK [2][-]{subsection.6.2}{Reasonability discriminator}{section.6}% 19
\BOOKMARK [2][-]{subsection.6.3}{Generator}{section.6}% 20
\BOOKMARK [1][-]{section.7}{Ablation test}{}% 21
\BOOKMARK [1][-]{section.8}{runtime}{}% 22
\BOOKMARK [1][-]{section.9}{future work}{}% 23
